d:\用户目录\我的文档\github\mfcclient\mfcclient\debug\mfcclient.pch
d:\用户目录\我的文档\github\mfcclient\mfcclient\debug\vc141.pdb
d:\用户目录\我的文档\github\mfcclient\mfcclient\debug\vc141.idb
d:\用户目录\我的文档\github\mfcclient\mfcclient\debug\stdafx.obj
d:\用户目录\我的文档\github\mfcclient\mfcclient\debug\mfcclientdlg.obj
d:\用户目录\我的文档\github\mfcclient\mfcclient\debug\mfcclient.obj
d:\用户目录\我的文档\github\mfcclient\mfcclient\debug\clientdll.obj
d:\用户目录\我的文档\github\mfcclient\debug\mfcclient.exe
d:\用户目录\我的文档\github\mfcclient\debug\mfcclient.ilk
d:\用户目录\我的文档\github\mfcclient\debug\mfcclient.pdb
d:\用户目录\我的文档\github\mfcclient\mfcclient\debug\mfcclient.res
d:\用户目录\我的文档\github\mfcclient\mfcclient\debug\mfcclient.tlog\cl.command.1.tlog
d:\用户目录\我的文档\github\mfcclient\mfcclient\debug\mfcclient.tlog\cl.read.1.tlog
d:\用户目录\我的文档\github\mfcclient\mfcclient\debug\mfcclient.tlog\cl.write.1.tlog
d:\用户目录\我的文档\github\mfcclient\mfcclient\debug\mfcclient.tlog\link.command.1.tlog
d:\用户目录\我的文档\github\mfcclient\mfcclient\debug\mfcclient.tlog\link.read.1.tlog
d:\用户目录\我的文档\github\mfcclient\mfcclient\debug\mfcclient.tlog\link.write.1.tlog
d:\用户目录\我的文档\github\mfcclient\mfcclient\debug\mfcclient.tlog\rc.command.1.tlog
d:\用户目录\我的文档\github\mfcclient\mfcclient\debug\mfcclient.tlog\rc.read.1.tlog
d:\用户目录\我的文档\github\mfcclient\mfcclient\debug\mfcclient.tlog\rc.write.1.tlog
